Determining if the include file malloc/malloc.h exists failed with the following output:
Change Dir: /home/ithauta/Dropbox/Work/github/tce/tce/llvm-build-temp/llvm-3.8/build/CMakeFiles/CMakeTmp

Run Build Command:"/usr/bin/make" "cmTC_1844f/fast"
/usr/bin/make -f CMakeFiles/cmTC_1844f.dir/build.make CMakeFiles/cmTC_1844f.dir/build
make[1]: Entering directory '/home/ithauta/Dropbox/Work/github/tce/tce/llvm-build-temp/llvm-3.8/build/CMakeFiles/CMakeTmp'
Building C object CMakeFiles/cmTC_1844f.dir/CheckIncludeFile.c.o
/usr/bin/cc    -O3     -o CMakeFiles/cmTC_1844f.dir/CheckIncludeFile.c.o   -c /home/ithauta/Dropbox/Work/github/tce/tce/llvm-build-temp/llvm-3.8/build/CMakeFiles/CMakeTmp/CheckIncludeFile.c
/home/ithauta/Dropbox/Work/github/tce/tce/llvm-build-temp/llvm-3.8/build/CMakeFiles/CMakeTmp/CheckIncludeFile.c:1:27: fatal error: malloc/malloc.h: Tiedostoa tai hakemistoa ei ole
compilation terminated.
CMakeFiles/cmTC_1844f.dir/build.make:65: recipe for target 'CMakeFiles/cmTC_1844f.dir/CheckIncludeFile.c.o' failed
make[1]: *** [CMakeFiles/cmTC_1844f.dir/CheckIncludeFile.c.o] Error 1
make[1]: Leaving directory '/home/ithauta/Dropbox/Work/github/tce/tce/llvm-build-temp/llvm-3.8/build/CMakeFiles/CMakeTmp'
Makefile:126: recipe for target 'cmTC_1844f/fast' failed
make: *** [cmTC_1844f/fast] Error 2


Determining if the include file ndir.h exists failed with the following output:
Change Dir: /home/ithauta/Dropbox/Work/github/tce/tce/llvm-build-temp/llvm-3.8/build/CMakeFiles/CMakeTmp

Run Build Command:"/usr/bin/make" "cmTC_51d0e/fast"
/usr/bin/make -f CMakeFiles/cmTC_51d0e.dir/build.make CMakeFiles/cmTC_51d0e.dir/build
make[1]: Entering directory '/home/ithauta/Dropbox/Work/github/tce/tce/llvm-build-temp/llvm-3.8/build/CMakeFiles/CMakeTmp'
Building C object CMakeFiles/cmTC_51d0e.dir/CheckIncludeFile.c.o
/usr/bin/cc    -O3     -o CMakeFiles/cmTC_51d0e.dir/CheckIncludeFile.c.o   -c /home/ithauta/Dropbox/Work/github/tce/tce/llvm-build-temp/llvm-3.8/build/CMakeFiles/CMakeTmp/CheckIncludeFile.c
/home/ithauta/Dropbox/Work/github/tce/tce/llvm-build-temp/llvm-3.8/build/CMakeFiles/CMakeTmp/CheckIncludeFile.c:1:18: fatal error: ndir.h: Tiedostoa tai hakemistoa ei ole
compilation terminated.
CMakeFiles/cmTC_51d0e.dir/build.make:65: recipe for target 'CMakeFiles/cmTC_51d0e.dir/CheckIncludeFile.c.o' failed
make[1]: *** [CMakeFiles/cmTC_51d0e.dir/CheckIncludeFile.c.o] Error 1
make[1]: Leaving directory '/home/ithauta/Dropbox/Work/github/tce/tce/llvm-build-temp/llvm-3.8/build/CMakeFiles/CMakeTmp'
Makefile:126: recipe for target 'cmTC_51d0e/fast' failed
make: *** [cmTC_51d0e/fast] Error 2


Determining if the include file sys/ndir.h exists failed with the following output:
Change Dir: /home/ithauta/Dropbox/Work/github/tce/tce/llvm-build-temp/llvm-3.8/build/CMakeFiles/CMakeTmp

Run Build Command:"/usr/bin/make" "cmTC_451c1/fast"
/usr/bin/make -f CMakeFiles/cmTC_451c1.dir/build.make CMakeFiles/cmTC_451c1.dir/build
make[1]: Entering directory '/home/ithauta/Dropbox/Work/github/tce/tce/llvm-build-temp/llvm-3.8/build/CMakeFiles/CMakeTmp'
Building C object CMakeFiles/cmTC_451c1.dir/CheckIncludeFile.c.o
/usr/bin/cc    -O3     -o CMakeFiles/cmTC_451c1.dir/CheckIncludeFile.c.o   -c /home/ithauta/Dropbox/Work/github/tce/tce/llvm-build-temp/llvm-3.8/build/CMakeFiles/CMakeTmp/CheckIncludeFile.c
/home/ithauta/Dropbox/Work/github/tce/tce/llvm-build-temp/llvm-3.8/build/CMakeFiles/CMakeTmp/CheckIncludeFile.c:1:22: fatal error: sys/ndir.h: Tiedostoa tai hakemistoa ei ole
compilation terminated.
CMakeFiles/cmTC_451c1.dir/build.make:65: recipe for target 'CMakeFiles/cmTC_451c1.dir/CheckIncludeFile.c.o' failed
make[1]: *** [CMakeFiles/cmTC_451c1.dir/CheckIncludeFile.c.o] Error 1
make[1]: Leaving directory '/home/ithauta/Dropbox/Work/github/tce/tce/llvm-build-temp/llvm-3.8/build/CMakeFiles/CMakeTmp'
Makefile:126: recipe for target 'cmTC_451c1/fast' failed
make: *** [cmTC_451c1/fast] Error 2


Determining if the include file valgrind/valgrind.h exists failed with the following output:
Change Dir: /home/ithauta/Dropbox/Work/github/tce/tce/llvm-build-temp/llvm-3.8/build/CMakeFiles/CMakeTmp

Run Build Command:"/usr/bin/make" "cmTC_ece27/fast"
/usr/bin/make -f CMakeFiles/cmTC_ece27.dir/build.make CMakeFiles/cmTC_ece27.dir/build
make[1]: Entering directory '/home/ithauta/Dropbox/Work/github/tce/tce/llvm-build-temp/llvm-3.8/build/CMakeFiles/CMakeTmp'
Building C object CMakeFiles/cmTC_ece27.dir/CheckIncludeFile.c.o
/usr/bin/cc    -O3     -o CMakeFiles/cmTC_ece27.dir/CheckIncludeFile.c.o   -c /home/ithauta/Dropbox/Work/github/tce/tce/llvm-build-temp/llvm-3.8/build/CMakeFiles/CMakeTmp/CheckIncludeFile.c
/home/ithauta/Dropbox/Work/github/tce/tce/llvm-build-temp/llvm-3.8/build/CMakeFiles/CMakeTmp/CheckIncludeFile.c:1:31: fatal error: valgrind/valgrind.h: Tiedostoa tai hakemistoa ei ole
compilation terminated.
CMakeFiles/cmTC_ece27.dir/build.make:65: recipe for target 'CMakeFiles/cmTC_ece27.dir/CheckIncludeFile.c.o' failed
make[1]: *** [CMakeFiles/cmTC_ece27.dir/CheckIncludeFile.c.o] Error 1
make[1]: Leaving directory '/home/ithauta/Dropbox/Work/github/tce/tce/llvm-build-temp/llvm-3.8/build/CMakeFiles/CMakeTmp'
Makefile:126: recipe for target 'cmTC_ece27/fast' failed
make: *** [cmTC_ece27/fast] Error 2


Determining if the include file mach/mach.h exists failed with the following output:
Change Dir: /home/ithauta/Dropbox/Work/github/tce/tce/llvm-build-temp/llvm-3.8/build/CMakeFiles/CMakeTmp

Run Build Command:"/usr/bin/make" "cmTC_d91ac/fast"
/usr/bin/make -f CMakeFiles/cmTC_d91ac.dir/build.make CMakeFiles/cmTC_d91ac.dir/build
make[1]: Entering directory '/home/ithauta/Dropbox/Work/github/tce/tce/llvm-build-temp/llvm-3.8/build/CMakeFiles/CMakeTmp'
Building C object CMakeFiles/cmTC_d91ac.dir/CheckIncludeFile.c.o
/usr/bin/cc    -O3     -o CMakeFiles/cmTC_d91ac.dir/CheckIncludeFile.c.o   -c /home/ithauta/Dropbox/Work/github/tce/tce/llvm-build-temp/llvm-3.8/build/CMakeFiles/CMakeTmp/CheckIncludeFile.c
/home/ithauta/Dropbox/Work/github/tce/tce/llvm-build-temp/llvm-3.8/build/CMakeFiles/CMakeTmp/CheckIncludeFile.c:1:23: fatal error: mach/mach.h: Tiedostoa tai hakemistoa ei ole
compilation terminated.
CMakeFiles/cmTC_d91ac.dir/build.make:65: recipe for target 'CMakeFiles/cmTC_d91ac.dir/CheckIncludeFile.c.o' failed
make[1]: *** [CMakeFiles/cmTC_d91ac.dir/CheckIncludeFile.c.o] Error 1
make[1]: Leaving directory '/home/ithauta/Dropbox/Work/github/tce/tce/llvm-build-temp/llvm-3.8/build/CMakeFiles/CMakeTmp'
Makefile:126: recipe for target 'cmTC_d91ac/fast' failed
make: *** [cmTC_d91ac/fast] Error 2


Determining if the include file mach-o/dyld.h exists failed with the following output:
Change Dir: /home/ithauta/Dropbox/Work/github/tce/tce/llvm-build-temp/llvm-3.8/build/CMakeFiles/CMakeTmp

Run Build Command:"/usr/bin/make" "cmTC_55244/fast"
/usr/bin/make -f CMakeFiles/cmTC_55244.dir/build.make CMakeFiles/cmTC_55244.dir/build
make[1]: Entering directory '/home/ithauta/Dropbox/Work/github/tce/tce/llvm-build-temp/llvm-3.8/build/CMakeFiles/CMakeTmp'
Building C object CMakeFiles/cmTC_55244.dir/CheckIncludeFile.c.o
/usr/bin/cc    -O3     -o CMakeFiles/cmTC_55244.dir/CheckIncludeFile.c.o   -c /home/ithauta/Dropbox/Work/github/tce/tce/llvm-build-temp/llvm-3.8/build/CMakeFiles/CMakeTmp/CheckIncludeFile.c
/home/ithauta/Dropbox/Work/github/tce/tce/llvm-build-temp/llvm-3.8/build/CMakeFiles/CMakeTmp/CheckIncludeFile.c:1:25: fatal error: mach-o/dyld.h: Tiedostoa tai hakemistoa ei ole
compilation terminated.
CMakeFiles/cmTC_55244.dir/build.make:65: recipe for target 'CMakeFiles/cmTC_55244.dir/CheckIncludeFile.c.o' failed
make[1]: *** [CMakeFiles/cmTC_55244.dir/CheckIncludeFile.c.o] Error 1
make[1]: Leaving directory '/home/ithauta/Dropbox/Work/github/tce/tce/llvm-build-temp/llvm-3.8/build/CMakeFiles/CMakeTmp'
Makefile:126: recipe for target 'cmTC_55244/fast' failed
make: *** [cmTC_55244/fast] Error 2


Determining if the arc4random exist failed with the following output:
Change Dir: /home/ithauta/Dropbox/Work/github/tce/tce/llvm-build-temp/llvm-3.8/build/CMakeFiles/CMakeTmp

Run Build Command:"/usr/bin/make" "cmTC_2a805/fast"
/usr/bin/make -f CMakeFiles/cmTC_2a805.dir/build.make CMakeFiles/cmTC_2a805.dir/build
make[1]: Entering directory '/home/ithauta/Dropbox/Work/github/tce/tce/llvm-build-temp/llvm-3.8/build/CMakeFiles/CMakeTmp'
Building C object CMakeFiles/cmTC_2a805.dir/CheckSymbolExists.c.o
/usr/bin/cc    -O3     -o CMakeFiles/cmTC_2a805.dir/CheckSymbolExists.c.o   -c /home/ithauta/Dropbox/Work/github/tce/tce/llvm-build-temp/llvm-3.8/build/CMakeFiles/CMakeTmp/CheckSymbolExists.c
/home/ithauta/Dropbox/Work/github/tce/tce/llvm-build-temp/llvm-3.8/build/CMakeFiles/CMakeTmp/CheckSymbolExists.c: In function ‘main’:
/home/ithauta/Dropbox/Work/github/tce/tce/llvm-build-temp/llvm-3.8/build/CMakeFiles/CMakeTmp/CheckSymbolExists.c:8:19: error: ‘arc4random’ undeclared (first use in this function)
   return ((int*)(&arc4random))[argc];
                   ^
/home/ithauta/Dropbox/Work/github/tce/tce/llvm-build-temp/llvm-3.8/build/CMakeFiles/CMakeTmp/CheckSymbolExists.c:8:19: note: each undeclared identifier is reported only once for each function it appears in
CMakeFiles/cmTC_2a805.dir/build.make:65: recipe for target 'CMakeFiles/cmTC_2a805.dir/CheckSymbolExists.c.o' failed
make[1]: *** [CMakeFiles/cmTC_2a805.dir/CheckSymbolExists.c.o] Error 1
make[1]: Leaving directory '/home/ithauta/Dropbox/Work/github/tce/tce/llvm-build-temp/llvm-3.8/build/CMakeFiles/CMakeTmp'
Makefile:126: recipe for target 'cmTC_2a805/fast' failed
make: *** [cmTC_2a805/fast] Error 2

File /home/ithauta/Dropbox/Work/github/tce/tce/llvm-build-temp/llvm-3.8/build/CMakeFiles/CMakeTmp/CheckSymbolExists.c:
/* */
#include <stdlib.h>

int main(int argc, char** argv)
{
  (void)argv;
#ifndef arc4random
  return ((int*)(&arc4random))[argc];
#else
  (void)argc;
  return 0;
#endif
}

Determining if the mallctl exist failed with the following output:
Change Dir: /home/ithauta/Dropbox/Work/github/tce/tce/llvm-build-temp/llvm-3.8/build/CMakeFiles/CMakeTmp

Run Build Command:"/usr/bin/make" "cmTC_2e17c/fast"
/usr/bin/make -f CMakeFiles/cmTC_2e17c.dir/build.make CMakeFiles/cmTC_2e17c.dir/build
make[1]: Entering directory '/home/ithauta/Dropbox/Work/github/tce/tce/llvm-build-temp/llvm-3.8/build/CMakeFiles/CMakeTmp'
Building C object CMakeFiles/cmTC_2e17c.dir/CheckSymbolExists.c.o
/usr/bin/cc    -O3     -o CMakeFiles/cmTC_2e17c.dir/CheckSymbolExists.c.o   -c /home/ithauta/Dropbox/Work/github/tce/tce/llvm-build-temp/llvm-3.8/build/CMakeFiles/CMakeTmp/CheckSymbolExists.c
/home/ithauta/Dropbox/Work/github/tce/tce/llvm-build-temp/llvm-3.8/build/CMakeFiles/CMakeTmp/CheckSymbolExists.c:2:23: fatal error: malloc_np.h: Tiedostoa tai hakemistoa ei ole
compilation terminated.
CMakeFiles/cmTC_2e17c.dir/build.make:65: recipe for target 'CMakeFiles/cmTC_2e17c.dir/CheckSymbolExists.c.o' failed
make[1]: *** [CMakeFiles/cmTC_2e17c.dir/CheckSymbolExists.c.o] Error 1
make[1]: Leaving directory '/home/ithauta/Dropbox/Work/github/tce/tce/llvm-build-temp/llvm-3.8/build/CMakeFiles/CMakeTmp'
Makefile:126: recipe for target 'cmTC_2e17c/fast' failed
make: *** [cmTC_2e17c/fast] Error 2

File /home/ithauta/Dropbox/Work/github/tce/tce/llvm-build-temp/llvm-3.8/build/CMakeFiles/CMakeTmp/CheckSymbolExists.c:
/* */
#include <malloc_np.h>

int main(int argc, char** argv)
{
  (void)argv;
#ifndef mallctl
  return ((int*)(&mallctl))[argc];
#else
  (void)argc;
  return 0;
#endif
}

Determining if the malloc_zone_statistics exist failed with the following output:
Change Dir: /home/ithauta/Dropbox/Work/github/tce/tce/llvm-build-temp/llvm-3.8/build/CMakeFiles/CMakeTmp

Run Build Command:"/usr/bin/make" "cmTC_365ca/fast"
/usr/bin/make -f CMakeFiles/cmTC_365ca.dir/build.make CMakeFiles/cmTC_365ca.dir/build
make[1]: Entering directory '/home/ithauta/Dropbox/Work/github/tce/tce/llvm-build-temp/llvm-3.8/build/CMakeFiles/CMakeTmp'
Building C object CMakeFiles/cmTC_365ca.dir/CheckSymbolExists.c.o
/usr/bin/cc    -O3     -o CMakeFiles/cmTC_365ca.dir/CheckSymbolExists.c.o   -c /home/ithauta/Dropbox/Work/github/tce/tce/llvm-build-temp/llvm-3.8/build/CMakeFiles/CMakeTmp/CheckSymbolExists.c
/home/ithauta/Dropbox/Work/github/tce/tce/llvm-build-temp/llvm-3.8/build/CMakeFiles/CMakeTmp/CheckSymbolExists.c:2:27: fatal error: malloc/malloc.h: Tiedostoa tai hakemistoa ei ole
compilation terminated.
CMakeFiles/cmTC_365ca.dir/build.make:65: recipe for target 'CMakeFiles/cmTC_365ca.dir/CheckSymbolExists.c.o' failed
make[1]: *** [CMakeFiles/cmTC_365ca.dir/CheckSymbolExists.c.o] Error 1
make[1]: Leaving directory '/home/ithauta/Dropbox/Work/github/tce/tce/llvm-build-temp/llvm-3.8/build/CMakeFiles/CMakeTmp'
Makefile:126: recipe for target 'cmTC_365ca/fast' failed
make: *** [cmTC_365ca/fast] Error 2

File /home/ithauta/Dropbox/Work/github/tce/tce/llvm-build-temp/llvm-3.8/build/CMakeFiles/CMakeTmp/CheckSymbolExists.c:
/* */
#include <malloc/malloc.h>

int main(int argc, char** argv)
{
  (void)argv;
#ifndef malloc_zone_statistics
  return ((int*)(&malloc_zone_statistics))[argc];
#else
  (void)argc;
  return 0;
#endif
}

Determining if the strerror_s exist failed with the following output:
Change Dir: /home/ithauta/Dropbox/Work/github/tce/tce/llvm-build-temp/llvm-3.8/build/CMakeFiles/CMakeTmp

Run Build Command:"/usr/bin/make" "cmTC_3e1e5/fast"
/usr/bin/make -f CMakeFiles/cmTC_3e1e5.dir/build.make CMakeFiles/cmTC_3e1e5.dir/build
make[1]: Entering directory '/home/ithauta/Dropbox/Work/github/tce/tce/llvm-build-temp/llvm-3.8/build/CMakeFiles/CMakeTmp'
Building C object CMakeFiles/cmTC_3e1e5.dir/CheckSymbolExists.c.o
/usr/bin/cc    -O3     -o CMakeFiles/cmTC_3e1e5.dir/CheckSymbolExists.c.o   -c /home/ithauta/Dropbox/Work/github/tce/tce/llvm-build-temp/llvm-3.8/build/CMakeFiles/CMakeTmp/CheckSymbolExists.c
/home/ithauta/Dropbox/Work/github/tce/tce/llvm-build-temp/llvm-3.8/build/CMakeFiles/CMakeTmp/CheckSymbolExists.c: In function ‘main’:
/home/ithauta/Dropbox/Work/github/tce/tce/llvm-build-temp/llvm-3.8/build/CMakeFiles/CMakeTmp/CheckSymbolExists.c:8:19: error: ‘strerror_s’ undeclared (first use in this function)
   return ((int*)(&strerror_s))[argc];
                   ^
/home/ithauta/Dropbox/Work/github/tce/tce/llvm-build-temp/llvm-3.8/build/CMakeFiles/CMakeTmp/CheckSymbolExists.c:8:19: note: each undeclared identifier is reported only once for each function it appears in
CMakeFiles/cmTC_3e1e5.dir/build.make:65: recipe for target 'CMakeFiles/cmTC_3e1e5.dir/CheckSymbolExists.c.o' failed
make[1]: *** [CMakeFiles/cmTC_3e1e5.dir/CheckSymbolExists.c.o] Error 1
make[1]: Leaving directory '/home/ithauta/Dropbox/Work/github/tce/tce/llvm-build-temp/llvm-3.8/build/CMakeFiles/CMakeTmp'
Makefile:126: recipe for target 'cmTC_3e1e5/fast' failed
make: *** [cmTC_3e1e5/fast] Error 2

File /home/ithauta/Dropbox/Work/github/tce/tce/llvm-build-temp/llvm-3.8/build/CMakeFiles/CMakeTmp/CheckSymbolExists.c:
/* */
#include <string.h>

int main(int argc, char** argv)
{
  (void)argv;
#ifndef strerror_s
  return ((int*)(&strerror_s))[argc];
#else
  (void)argc;
  return 0;
#endif
}

Performing C SOURCE FILE Test C_SUPPORTS_COVERED_SWITCH_DEFAULT_FLAG failed with the following output:
Change Dir: /home/ithauta/Dropbox/Work/github/tce/tce/llvm-build-temp/llvm-3.8/build/CMakeFiles/CMakeTmp

Run Build Command:"/usr/bin/make" "cmTC_fbb57/fast"
/usr/bin/make -f CMakeFiles/cmTC_fbb57.dir/build.make CMakeFiles/cmTC_fbb57.dir/build
make[1]: Entering directory '/home/ithauta/Dropbox/Work/github/tce/tce/llvm-build-temp/llvm-3.8/build/CMakeFiles/CMakeTmp'
Building C object CMakeFiles/cmTC_fbb57.dir/src.c.o
/usr/bin/cc    -O3  -fPIC -Wall -W -Wno-unused-parameter -Wwrite-strings -Wno-missing-field-initializers -pedantic -Wno-long-long -DC_SUPPORTS_COVERED_SWITCH_DEFAULT_FLAG   -Werror -Wcovered-switch-default -o CMakeFiles/cmTC_fbb57.dir/src.c.o   -c /home/ithauta/Dropbox/Work/github/tce/tce/llvm-build-temp/llvm-3.8/build/CMakeFiles/CMakeTmp/src.c
cc: error: unrecognized command line option '-Wcovered-switch-default'
CMakeFiles/cmTC_fbb57.dir/build.make:65: recipe for target 'CMakeFiles/cmTC_fbb57.dir/src.c.o' failed
make[1]: *** [CMakeFiles/cmTC_fbb57.dir/src.c.o] Error 1
make[1]: Leaving directory '/home/ithauta/Dropbox/Work/github/tce/tce/llvm-build-temp/llvm-3.8/build/CMakeFiles/CMakeTmp'
Makefile:126: recipe for target 'cmTC_fbb57/fast' failed
make: *** [cmTC_fbb57/fast] Error 2

Source file was:
int main(void) { return 0; }
Performing C++ SOURCE FILE Test CXX_SUPPORTS_COVERED_SWITCH_DEFAULT_FLAG failed with the following output:
Change Dir: /home/ithauta/Dropbox/Work/github/tce/tce/llvm-build-temp/llvm-3.8/build/CMakeFiles/CMakeTmp

Run Build Command:"/usr/bin/make" "cmTC_bee2d/fast"
/usr/bin/make -f CMakeFiles/cmTC_bee2d.dir/build.make CMakeFiles/cmTC_bee2d.dir/build
make[1]: Entering directory '/home/ithauta/Dropbox/Work/github/tce/tce/llvm-build-temp/llvm-3.8/build/CMakeFiles/CMakeTmp'
Building CXX object CMakeFiles/cmTC_bee2d.dir/src.cxx.o
/usr/bin/c++     -O3  -fPIC -fvisibility-inlines-hidden -Wall -W -Wno-unused-parameter -Wwrite-strings -Wcast-qual -Wno-missing-field-initializers -pedantic -Wno-long-long -DCXX_SUPPORTS_COVERED_SWITCH_DEFAULT_FLAG   -Werror -Wcovered-switch-default -o CMakeFiles/cmTC_bee2d.dir/src.cxx.o -c /home/ithauta/Dropbox/Work/github/tce/tce/llvm-build-temp/llvm-3.8/build/CMakeFiles/CMakeTmp/src.cxx
c++: error: unrecognized command line option '-Wcovered-switch-default'
CMakeFiles/cmTC_bee2d.dir/build.make:65: recipe for target 'CMakeFiles/cmTC_bee2d.dir/src.cxx.o' failed
make[1]: *** [CMakeFiles/cmTC_bee2d.dir/src.cxx.o] Error 1
make[1]: Leaving directory '/home/ithauta/Dropbox/Work/github/tce/tce/llvm-build-temp/llvm-3.8/build/CMakeFiles/CMakeTmp'
Makefile:126: recipe for target 'cmTC_bee2d/fast' failed
make: *** [cmTC_bee2d/fast] Error 2

Source file was:
int main() { return 0; }
Performing C SOURCE FILE Test C_SUPPORTS_DELETE_NON_VIRTUAL_DTOR_FLAG failed with the following output:
Change Dir: /home/ithauta/Dropbox/Work/github/tce/tce/llvm-build-temp/llvm-3.8/build/CMakeFiles/CMakeTmp

Run Build Command:"/usr/bin/make" "cmTC_09d3d/fast"
/usr/bin/make -f CMakeFiles/cmTC_09d3d.dir/build.make CMakeFiles/cmTC_09d3d.dir/build
make[1]: Entering directory '/home/ithauta/Dropbox/Work/github/tce/tce/llvm-build-temp/llvm-3.8/build/CMakeFiles/CMakeTmp'
Building C object CMakeFiles/cmTC_09d3d.dir/src.c.o
/usr/bin/cc    -O3  -fPIC -Wall -W -Wno-unused-parameter -Wwrite-strings -Wno-missing-field-initializers -pedantic -Wno-long-long -DC_SUPPORTS_DELETE_NON_VIRTUAL_DTOR_FLAG   -Werror -Wdelete-non-virtual-dtor -o CMakeFiles/cmTC_09d3d.dir/src.c.o   -c /home/ithauta/Dropbox/Work/github/tce/tce/llvm-build-temp/llvm-3.8/build/CMakeFiles/CMakeTmp/src.c
cc1: error: command line option '-Wdelete-non-virtual-dtor' is valid for C++/ObjC++ but not for C [-Werror]
cc1: all warnings being treated as errors
CMakeFiles/cmTC_09d3d.dir/build.make:65: recipe for target 'CMakeFiles/cmTC_09d3d.dir/src.c.o' failed
make[1]: *** [CMakeFiles/cmTC_09d3d.dir/src.c.o] Error 1
make[1]: Leaving directory '/home/ithauta/Dropbox/Work/github/tce/tce/llvm-build-temp/llvm-3.8/build/CMakeFiles/CMakeTmp'
Makefile:126: recipe for target 'cmTC_09d3d/fast' failed
make: *** [cmTC_09d3d/fast] Error 2

Source file was:
int main(void) { return 0; }
Performing C SOURCE FILE Test C_WCOMMENT_ALLOWS_LINE_WRAP failed with the following output:
Change Dir: /home/ithauta/Dropbox/Work/github/tce/tce/llvm-build-temp/llvm-3.8/build/CMakeFiles/CMakeTmp

Run Build Command:"/usr/bin/make" "cmTC_47f31/fast"
/usr/bin/make -f CMakeFiles/cmTC_47f31.dir/build.make CMakeFiles/cmTC_47f31.dir/build
make[1]: Entering directory '/home/ithauta/Dropbox/Work/github/tce/tce/llvm-build-temp/llvm-3.8/build/CMakeFiles/CMakeTmp'
Building C object CMakeFiles/cmTC_47f31.dir/src.c.o
/usr/bin/cc    -O3  -fPIC -Wall -W -Wno-unused-parameter -Wwrite-strings -Wno-missing-field-initializers -pedantic -Wno-long-long -DC_WCOMMENT_ALLOWS_LINE_WRAP  -Werror -Wcomment   -o CMakeFiles/cmTC_47f31.dir/src.c.o   -c /home/ithauta/Dropbox/Work/github/tce/tce/llvm-build-temp/llvm-3.8/build/CMakeFiles/CMakeTmp/src.c
/home/ithauta/Dropbox/Work/github/tce/tce/llvm-build-temp/llvm-3.8/build/CMakeFiles/CMakeTmp/src.c:1:1: error: multi-line comment [-Werror=comment]
 // \
 ^
cc1: all warnings being treated as errors
CMakeFiles/cmTC_47f31.dir/build.make:65: recipe for target 'CMakeFiles/cmTC_47f31.dir/src.c.o' failed
make[1]: *** [CMakeFiles/cmTC_47f31.dir/src.c.o] Error 1
make[1]: Leaving directory '/home/ithauta/Dropbox/Work/github/tce/tce/llvm-build-temp/llvm-3.8/build/CMakeFiles/CMakeTmp'
Makefile:126: recipe for target 'cmTC_47f31/fast' failed
make: *** [cmTC_47f31/fast] Error 2

Source file was:
// \
//
int main() {return 0;}
Performing C++ SOURCE FILE Test CXX_SUPPORTS_NO_NESTED_ANON_TYPES_FLAG failed with the following output:
Change Dir: /home/ithauta/Dropbox/Work/github/tce/tce/llvm-build-temp/llvm-3.8/build/CMakeFiles/CMakeTmp

Run Build Command:"/usr/bin/make" "cmTC_64fa1/fast"
/usr/bin/make -f CMakeFiles/cmTC_64fa1.dir/build.make CMakeFiles/cmTC_64fa1.dir/build
make[1]: Entering directory '/home/ithauta/Dropbox/Work/github/tce/tce/llvm-build-temp/llvm-3.8/build/CMakeFiles/CMakeTmp'
Building CXX object CMakeFiles/cmTC_64fa1.dir/src.cxx.o
/usr/bin/c++     -O3  -fPIC -fvisibility-inlines-hidden -Wall -W -Wno-unused-parameter -Wwrite-strings -Wcast-qual -Wno-missing-field-initializers -pedantic -Wno-long-long -Wno-maybe-uninitialized -Wdelete-non-virtual-dtor -Wno-comment -std=c++11 -ffunction-sections -fdata-sections -fno-common -Woverloaded-virtual -fno-strict-aliasing -DCXX_SUPPORTS_NO_NESTED_ANON_TYPES_FLAG   -Werror -Wnested-anon-types -o CMakeFiles/cmTC_64fa1.dir/src.cxx.o -c /home/ithauta/Dropbox/Work/github/tce/tce/llvm-build-temp/llvm-3.8/build/CMakeFiles/CMakeTmp/src.cxx
c++: error: unrecognized command line option '-Wnested-anon-types'
CMakeFiles/cmTC_64fa1.dir/build.make:65: recipe for target 'CMakeFiles/cmTC_64fa1.dir/src.cxx.o' failed
make[1]: *** [CMakeFiles/cmTC_64fa1.dir/src.cxx.o] Error 1
make[1]: Leaving directory '/home/ithauta/Dropbox/Work/github/tce/tce/llvm-build-temp/llvm-3.8/build/CMakeFiles/CMakeTmp'
Makefile:126: recipe for target 'cmTC_64fa1/fast' failed
make: *** [cmTC_64fa1/fast] Error 2

Source file was:
int main() { return 0; }
